<?xml version="1.0" encoding="UTF-8"?>
<!-- Generated by org.testng.reporters.JUnitReportReporter -->
<testsuite hostname="DESKTOP-OHS3IN0" failures="0" tests="1" name="Testcases.Loginapplication" time="24.792" errors="0" timestamp="2021-01-11T17:04:01 IST" skipped="0">
  <testcase classname="Testcases.Loginapplication" name="Login" time="24.792"/>
  <system-out/>
</testsuite> <!-- Testcases.Loginapplication -->
